[debug] [2020-12-26T06:57:06.869Z] ----------------------------------------------------------------------
[debug] [2020-12-26T06:57:06.871Z] Command:       C:\Program Files\nodejs\node.exe C:\Users\ankit\AppData\Roaming\npm\node_modules\firebase-tools\lib\bin\firebase.js emulators:start
[debug] [2020-12-26T06:57:06.871Z] CLI Version:   9.1.0
[debug] [2020-12-26T06:57:06.871Z] Platform:      win32
[debug] [2020-12-26T06:57:06.871Z] Node Version:  v14.15.1
[debug] [2020-12-26T06:57:06.872Z] Time:          Sat Dec 26 2020 12:27:06 GMT+0530 (India Standard Time)
[debug] [2020-12-26T06:57:06.872Z] ----------------------------------------------------------------------
[debug] [2020-12-26T06:57:06.872Z] 
[debug] [2020-12-26T06:57:06.877Z] > command requires scopes: ["email","openid","https://www.googleapis.com/auth/cloudplatformprojects.readonly","https://www.googleapis.com/auth/firebase","https://www.googleapis.com/auth/cloud-platform"]
[debug] [2020-12-26T06:57:06.877Z] > authorizing via signed-in user
[info] i  emulators: Starting emulators: functions, hosting {"metadata":{"emulator":{"name":"hub"},"message":"Starting emulators: functions, hosting"}}
[debug] [2020-12-26T06:57:06.911Z] [hub] writing locator at C:\Users\ankit\AppData\Local\Temp\hub-challenge-6280d.json
[warn] !  functions: The following emulators are not running, calls to these services from the Functions emulator will affect production: auth, firestore, database, pubsub {"metadata":{"emulator":{"name":"functions"},"message":"The following emulators are not running, calls to these services from the Functions emulator will affect production: \u001b[1mauth, firestore, database, pubsub\u001b[22m"}}
[warn] !  Your requested "node" version "12" doesn't match your global version "14" {"metadata":{"emulator":{"name":"functions"},"message":"Your requested \"node\" version \"12\" doesn't match your global version \"14\""}}
[debug] [2020-12-26T06:57:06.935Z] defaultcredentials: writing to file C:\Users\ankit\AppData\Roaming\firebase\ankit_co19_nsut.ac.in_application_default_credentials.json
[debug] [2020-12-26T06:57:06.936Z] Setting GAC to C:\Users\ankit\AppData\Roaming\firebase\ankit_co19_nsut.ac.in_application_default_credentials.json {"metadata":{"emulator":{"name":"functions"},"message":"Setting GAC to C:\\Users\\ankit\\AppData\\Roaming\\firebase\\ankit_co19_nsut.ac.in_application_default_credentials.json"}}
[debug] [2020-12-26T06:57:07.225Z] > refreshing access token with scopes: ["email","https://www.googleapis.com/auth/cloud-platform","https://www.googleapis.com/auth/cloudplatformprojects.readonly","https://www.googleapis.com/auth/firebase","openid"]
[debug] [2020-12-26T06:57:07.226Z] >>> HTTP REQUEST POST https://www.googleapis.com/oauth2/v3/token  
 <request body omitted>
[debug] [2020-12-26T06:57:07.460Z] <<< HTTP RESPONSE 200 {"expires":"Mon, 01 Jan 1990 00:00:00 GMT","date":"Sat, 26 Dec 2020 06:57:06 GMT","cache-control":"no-cache, no-store, max-age=0, must-revalidate","pragma":"no-cache","content-type":"application/json; charset=utf-8","vary":"X-Origin, Referer, Origin,Accept-Encoding","server":"scaffolding on HTTPServer2","x-xss-protection":"0","x-frame-options":"SAMEORIGIN","x-content-type-options":"nosniff","alt-svc":"h3-29=\":443\"; ma=2592000,h3-T051=\":443\"; ma=2592000,h3-Q050=\":443\"; ma=2592000,h3-Q046=\":443\"; ma=2592000,h3-Q043=\":443\"; ma=2592000,quic=\":443\"; ma=2592000; v=\"46,43\"","accept-ranges":"none","transfer-encoding":"chunked"}
[debug] [2020-12-26T06:57:07.469Z] >>> HTTP REQUEST GET https://firebase.googleapis.com/v1beta1/projects/challenge-6280d/webApps/-/config  
 
[debug] [2020-12-26T06:57:08.983Z] <<< HTTP RESPONSE 200 {"content-type":"application/json; charset=UTF-8","vary":"X-Origin, Referer, Origin,Accept-Encoding","date":"Sat, 26 Dec 2020 06:57:08 GMT","server":"ESF","cache-control":"private","x-xss-protection":"0","x-frame-options":"SAMEORIGIN","x-content-type-options":"nosniff","alt-svc":"h3-29=\":443\"; ma=2592000,h3-T051=\":443\"; ma=2592000,h3-Q050=\":443\"; ma=2592000,h3-Q046=\":443\"; ma=2592000,h3-Q043=\":443\"; ma=2592000,quic=\":443\"; ma=2592000; v=\"46,43\"","accept-ranges":"none","transfer-encoding":"chunked"}
[info] i  hosting: Serving hosting files from: build {"metadata":{"emulator":{"name":"hosting"},"message":"Serving hosting files from: \u001b[1mbuild\u001b[22m"}}
[info] +  hosting: Local server: http://localhost:5000 {"metadata":{"emulator":{"name":"hosting"},"message":"Local server: \u001b[4m\u001b[1mhttp://localhost:5000\u001b[22m\u001b[24m"}}
[debug] [2020-12-26T06:57:09.019Z] Ignoring unsupported arg: auto_download {"metadata":{"emulator":{"name":"ui"},"message":"Ignoring unsupported arg: auto_download"}}
[debug] [2020-12-26T06:57:09.019Z] Ignoring unsupported arg: port {"metadata":{"emulator":{"name":"ui"},"message":"Ignoring unsupported arg: port"}}
[debug] [2020-12-26T06:57:09.019Z] Starting Emulator UI with command {"binary":"node","args":["C:\\Users\\ankit\\.cache\\firebase\\emulators\\ui-v1.4.1\\server.bundle.js"],"optionalArgs":[],"joinArgs":false} {"metadata":{"emulator":{"name":"ui"},"message":"Starting Emulator UI with command {\"binary\":\"node\",\"args\":[\"C:\\\\Users\\\\ankit\\\\.cache\\\\firebase\\\\emulators\\\\ui-v1.4.1\\\\server.bundle.js\"],\"optionalArgs\":[],\"joinArgs\":false}"}}
[info] i  ui: Emulator UI logging to ui-debug.log {"metadata":{"emulator":{"name":"ui"},"message":"Emulator UI logging to \u001b[1mui-debug.log\u001b[22m"}}
[debug] [2020-12-26T06:57:09.176Z] Web / API server started at http://localhost:4000
 {"metadata":{"emulator":{"name":"ui"},"message":"Web / API server started at http://localhost:4000\n"}}
[info] i  functions: Watching "D:\CodinG\Programs\WEB D\Project\Amazon-Clone\functions" for Cloud Functions... {"metadata":{"emulator":{"name":"functions"},"message":"Watching \"D:\\CodinG\\Programs\\WEB D\\Project\\Amazon-Clone\\functions\" for Cloud Functions..."}}
[debug] [2020-12-26T06:57:09.342Z] [worker-pool] addWorker(~diagnostic~) {"metadata":{"emulator":{"name":"functions"},"message":"[worker-pool] addWorker(~diagnostic~)"}}
[debug] [2020-12-26T06:57:09.342Z] [worker-pool] Adding worker with key ~diagnostic~, total=1 {"metadata":{"emulator":{"name":"functions"},"message":"[worker-pool] Adding worker with key ~diagnostic~, total=1"}}
[debug] [2020-12-26T06:57:09.342Z] [worker-pool] submitWork(triggerId=) {"metadata":{"emulator":{"name":"functions"},"message":"[worker-pool] submitWork(triggerId=)"}}
[debug] [2020-12-26T06:57:09.343Z] [worker-~diagnostic~-513214cc-5c27-4fcd-8f96-85f22a813829]: Assigning socketPath: \\?\pipe\D:\CodinG\Programs\WEB D\Project\Amazon-Clone\functions\32592 {"metadata":{"emulator":{"name":"functions"},"message":"[worker-~diagnostic~-513214cc-5c27-4fcd-8f96-85f22a813829]: Assigning socketPath: \\\\?\\pipe\\D:\\CodinG\\Programs\\WEB D\\Project\\Amazon-Clone\\functions\\32592"}}
[debug] [2020-12-26T06:57:09.343Z] [worker-~diagnostic~-513214cc-5c27-4fcd-8f96-85f22a813829]: BUSY {"metadata":{"emulator":{"name":"functions"},"message":"[worker-~diagnostic~-513214cc-5c27-4fcd-8f96-85f22a813829]: BUSY"}}
[debug] [2020-12-26T06:57:09.542Z] [runtime-status] [32592] Functions runtime initialized. {"cwd":"D:\\CodinG\\Programs\\WEB D\\Project\\Amazon-Clone\\functions","node_version":"14.15.1"} {"metadata":{"emulator":{"name":"functions"},"message":"[runtime-status] [32592] Functions runtime initialized. {\"cwd\":\"D:\\\\CodinG\\\\Programs\\\\WEB D\\\\Project\\\\Amazon-Clone\\\\functions\",\"node_version\":\"14.15.1\"}"}}
[debug] [2020-12-26T06:57:09.543Z] [runtime-status] [32592] Disabled runtime features: undefined {"metadata":{"emulator":{"name":"functions"},"message":"[runtime-status] [32592] Disabled runtime features: undefined"}}
[debug] [2020-12-26T06:57:09.546Z] [runtime-status] [32592] Resolved module firebase-admin {"declared":true,"installed":true,"version":"9.4.2","resolution":"D:\\CodinG\\Programs\\WEB D\\Project\\Amazon-Clone\\functions\\node_modules\\firebase-admin\\lib\\index.js"} {"metadata":{"emulator":{"name":"functions"},"message":"[runtime-status] [32592] Resolved module firebase-admin {\"declared\":true,\"installed\":true,\"version\":\"9.4.2\",\"resolution\":\"D:\\\\CodinG\\\\Programs\\\\WEB D\\\\Project\\\\Amazon-Clone\\\\functions\\\\node_modules\\\\firebase-admin\\\\lib\\\\index.js\"}"}}
[debug] [2020-12-26T06:57:09.548Z] [runtime-status] [32592] Resolved module firebase-functions {"declared":true,"installed":true,"version":"3.13.0","resolution":"D:\\CodinG\\Programs\\WEB D\\Project\\Amazon-Clone\\functions\\node_modules\\firebase-functions\\lib\\index.js"} {"metadata":{"emulator":{"name":"functions"},"message":"[runtime-status] [32592] Resolved module firebase-functions {\"declared\":true,\"installed\":true,\"version\":\"3.13.0\",\"resolution\":\"D:\\\\CodinG\\\\Programs\\\\WEB D\\\\Project\\\\Amazon-Clone\\\\functions\\\\node_modules\\\\firebase-functions\\\\lib\\\\index.js\"}"}}
[debug] [2020-12-26T06:57:09.549Z] [runtime-status] [32592] Resolved module firebase-functions {"declared":true,"installed":true,"version":"3.13.0","resolution":"D:\\CodinG\\Programs\\WEB D\\Project\\Amazon-Clone\\functions\\node_modules\\firebase-functions\\lib\\index.js"} {"metadata":{"emulator":{"name":"functions"},"message":"[runtime-status] [32592] Resolved module firebase-functions {\"declared\":true,\"installed\":true,\"version\":\"3.13.0\",\"resolution\":\"D:\\\\CodinG\\\\Programs\\\\WEB D\\\\Project\\\\Amazon-Clone\\\\functions\\\\node_modules\\\\firebase-functions\\\\lib\\\\index.js\"}"}}
[debug] [2020-12-26T06:57:09.550Z] [runtime-status] [32592] Outgoing network have been stubbed. [{"name":"http","status":"mocked"},{"name":"http","status":"mocked"},{"name":"https","status":"mocked"},{"name":"https","status":"mocked"},{"name":"net","status":"mocked"}] {"metadata":{"emulator":{"name":"functions"},"message":"[runtime-status] [32592] Outgoing network have been stubbed. [{\"name\":\"http\",\"status\":\"mocked\"},{\"name\":\"http\",\"status\":\"mocked\"},{\"name\":\"https\",\"status\":\"mocked\"},{\"name\":\"https\",\"status\":\"mocked\"},{\"name\":\"net\",\"status\":\"mocked\"}]"}}
[debug] [2020-12-26T06:57:09.551Z] [runtime-status] [32592] Resolved module firebase-functions {"declared":true,"installed":true,"version":"3.13.0","resolution":"D:\\CodinG\\Programs\\WEB D\\Project\\Amazon-Clone\\functions\\node_modules\\firebase-functions\\lib\\index.js"} {"metadata":{"emulator":{"name":"functions"},"message":"[runtime-status] [32592] Resolved module firebase-functions {\"declared\":true,\"installed\":true,\"version\":\"3.13.0\",\"resolution\":\"D:\\\\CodinG\\\\Programs\\\\WEB D\\\\Project\\\\Amazon-Clone\\\\functions\\\\node_modules\\\\firebase-functions\\\\lib\\\\index.js\"}"}}
[debug] [2020-12-26T06:57:09.592Z] [runtime-status] [32592] Checked functions.config() {"config":{}} {"metadata":{"emulator":{"name":"functions"},"message":"[runtime-status] [32592] Checked functions.config() {\"config\":{}}"}}
[debug] [2020-12-26T06:57:09.592Z] [runtime-status] [32592] firebase-functions has been stubbed. {"functionsResolution":{"declared":true,"installed":true,"version":"3.13.0","resolution":"D:\\CodinG\\Programs\\WEB D\\Project\\Amazon-Clone\\functions\\node_modules\\firebase-functions\\lib\\index.js"}} {"metadata":{"emulator":{"name":"functions"},"message":"[runtime-status] [32592] firebase-functions has been stubbed. {\"functionsResolution\":{\"declared\":true,\"installed\":true,\"version\":\"3.13.0\",\"resolution\":\"D:\\\\CodinG\\\\Programs\\\\WEB D\\\\Project\\\\Amazon-Clone\\\\functions\\\\node_modules\\\\firebase-functions\\\\lib\\\\index.js\"}}"}}
[debug] [2020-12-26T06:57:09.593Z] [runtime-status] [32592] Resolved module firebase-functions {"declared":true,"installed":true,"version":"3.13.0","resolution":"D:\\CodinG\\Programs\\WEB D\\Project\\Amazon-Clone\\functions\\node_modules\\firebase-functions\\lib\\index.js"} {"metadata":{"emulator":{"name":"functions"},"message":"[runtime-status] [32592] Resolved module firebase-functions {\"declared\":true,\"installed\":true,\"version\":\"3.13.0\",\"resolution\":\"D:\\\\CodinG\\\\Programs\\\\WEB D\\\\Project\\\\Amazon-Clone\\\\functions\\\\node_modules\\\\firebase-functions\\\\lib\\\\index.js\"}"}}
[debug] [2020-12-26T06:57:09.594Z] [runtime-status] [32592] Resolved module firebase-admin {"declared":true,"installed":true,"version":"9.4.2","resolution":"D:\\CodinG\\Programs\\WEB D\\Project\\Amazon-Clone\\functions\\node_modules\\firebase-admin\\lib\\index.js"} {"metadata":{"emulator":{"name":"functions"},"message":"[runtime-status] [32592] Resolved module firebase-admin {\"declared\":true,\"installed\":true,\"version\":\"9.4.2\",\"resolution\":\"D:\\\\CodinG\\\\Programs\\\\WEB D\\\\Project\\\\Amazon-Clone\\\\functions\\\\node_modules\\\\firebase-admin\\\\lib\\\\index.js\"}"}}
[debug] [2020-12-26T06:57:09.594Z] [runtime-status] [32592] Resolved module firebase-functions {"declared":true,"installed":true,"version":"3.13.0","resolution":"D:\\CodinG\\Programs\\WEB D\\Project\\Amazon-Clone\\functions\\node_modules\\firebase-functions\\lib\\index.js"} {"metadata":{"emulator":{"name":"functions"},"message":"[runtime-status] [32592] Resolved module firebase-functions {\"declared\":true,\"installed\":true,\"version\":\"3.13.0\",\"resolution\":\"D:\\\\CodinG\\\\Programs\\\\WEB D\\\\Project\\\\Amazon-Clone\\\\functions\\\\node_modules\\\\firebase-functions\\\\lib\\\\index.js\"}"}}
[debug] [2020-12-26T06:57:09.595Z] [runtime-status] [32592] firebase-admin has been stubbed. {"adminResolution":{"declared":true,"installed":true,"version":"9.4.2","resolution":"D:\\CodinG\\Programs\\WEB D\\Project\\Amazon-Clone\\functions\\node_modules\\firebase-admin\\lib\\index.js"}} {"metadata":{"emulator":{"name":"functions"},"message":"[runtime-status] [32592] firebase-admin has been stubbed. {\"adminResolution\":{\"declared\":true,\"installed\":true,\"version\":\"9.4.2\",\"resolution\":\"D:\\\\CodinG\\\\Programs\\\\WEB D\\\\Project\\\\Amazon-Clone\\\\functions\\\\node_modules\\\\firebase-admin\\\\lib\\\\index.js\"}}"}}
[info] +  functions[api]: http function initialized (http://localhost:5001/challenge-6280d/us-central1/api). {"metadata":{"emulator":{"name":"functions"},"message":"\u001b[1mhttp\u001b[22m function initialized (http://localhost:5001/challenge-6280d/us-central1/api)."}}
[info] 
┌─────────────────────────────────────────────────────────────┐
│ ✔  All emulators ready! It is now safe to connect your app. │
│ i  View Emulator UI at http://localhost:4000                │
└─────────────────────────────────────────────────────────────┘

┌───────────┬────────────────┬─────────────────────────────────┐
│ Emulator  │ Host:Port      │ View in Emulator UI             │
├───────────┼────────────────┼─────────────────────────────────┤
│ Functions │ localhost:5001 │ http://localhost:4000/functions │
├───────────┼────────────────┼─────────────────────────────────┤
│ Hosting   │ localhost:5000 │ n/a                             │
└───────────┴────────────────┴─────────────────────────────────┘
  Emulator Hub running at localhost:4400
  Other reserved ports: 4500

Issues? Report them at https://github.com/firebase/firebase-tools/issues and attach the *-debug.log files.
 
[debug] [2020-12-26T06:57:09.805Z] [worker-~diagnostic~-513214cc-5c27-4fcd-8f96-85f22a813829]: IDLE {"metadata":{"emulator":{"name":"functions"},"message":"[worker-~diagnostic~-513214cc-5c27-4fcd-8f96-85f22a813829]: IDLE"}}
[debug] [2020-12-26T06:59:15.066Z] [work-queue] {"queueLength":1,"workRunningCount":0}
[debug] [2020-12-26T06:59:15.066Z] [work-queue] {"queueLength":0,"workRunningCount":1}
[debug] [2020-12-26T06:59:15.066Z] Accepted request POST /challenge-6280d/us-central1/api/payments/create?total=9000000 --> api
[debug] [2020-12-26T06:59:15.071Z] [worker-pool] addWorker(api) {"metadata":{"emulator":{"name":"functions"},"message":"[worker-pool] addWorker(api)"}}
[debug] [2020-12-26T06:59:15.071Z] [worker-pool] Adding worker with key api, total=1 {"metadata":{"emulator":{"name":"functions"},"message":"[worker-pool] Adding worker with key api, total=1"}}
[debug] [2020-12-26T06:59:15.071Z] [worker-pool] submitWork(triggerId=api) {"metadata":{"emulator":{"name":"functions"},"message":"[worker-pool] submitWork(triggerId=api)"}}
[debug] [2020-12-26T06:59:15.072Z] [worker-api-b64161a4-4bad-4347-b0ef-eaac0079243f]: Assigning socketPath: \\?\pipe\D:\CodinG\Programs\WEB D\Project\Amazon-Clone\functions\18520 {"metadata":{"emulator":{"name":"functions"},"message":"[worker-api-b64161a4-4bad-4347-b0ef-eaac0079243f]: Assigning socketPath: \\\\?\\pipe\\D:\\CodinG\\Programs\\WEB D\\Project\\Amazon-Clone\\functions\\18520"}}
[debug] [2020-12-26T06:59:15.072Z] [worker-api-b64161a4-4bad-4347-b0ef-eaac0079243f]: BUSY {"metadata":{"emulator":{"name":"functions"},"message":"[worker-api-b64161a4-4bad-4347-b0ef-eaac0079243f]: BUSY"}}
[debug] [2020-12-26T06:59:15.264Z] [runtime-status] [18520] Functions runtime initialized. {"cwd":"D:\\CodinG\\Programs\\WEB D\\Project\\Amazon-Clone\\functions","node_version":"14.15.1"} {"metadata":{"emulator":{"name":"functions"},"function":{"name":"api"},"message":"[runtime-status] [18520] Functions runtime initialized. {\"cwd\":\"D:\\\\CodinG\\\\Programs\\\\WEB D\\\\Project\\\\Amazon-Clone\\\\functions\",\"node_version\":\"14.15.1\"}"}}
[debug] [2020-12-26T06:59:15.266Z] [runtime-status] [18520] Disabled runtime features: undefined {"metadata":{"emulator":{"name":"functions"},"function":{"name":"api"},"message":"[runtime-status] [18520] Disabled runtime features: undefined"}}
[debug] [2020-12-26T06:59:15.269Z] [runtime-status] [18520] Resolved module firebase-admin {"declared":true,"installed":true,"version":"9.4.2","resolution":"D:\\CodinG\\Programs\\WEB D\\Project\\Amazon-Clone\\functions\\node_modules\\firebase-admin\\lib\\index.js"} {"metadata":{"emulator":{"name":"functions"},"function":{"name":"api"},"message":"[runtime-status] [18520] Resolved module firebase-admin {\"declared\":true,\"installed\":true,\"version\":\"9.4.2\",\"resolution\":\"D:\\\\CodinG\\\\Programs\\\\WEB D\\\\Project\\\\Amazon-Clone\\\\functions\\\\node_modules\\\\firebase-admin\\\\lib\\\\index.js\"}"}}
[debug] [2020-12-26T06:59:15.271Z] [runtime-status] [18520] Resolved module firebase-functions {"declared":true,"installed":true,"version":"3.13.0","resolution":"D:\\CodinG\\Programs\\WEB D\\Project\\Amazon-Clone\\functions\\node_modules\\firebase-functions\\lib\\index.js"} {"metadata":{"emulator":{"name":"functions"},"function":{"name":"api"},"message":"[runtime-status] [18520] Resolved module firebase-functions {\"declared\":true,\"installed\":true,\"version\":\"3.13.0\",\"resolution\":\"D:\\\\CodinG\\\\Programs\\\\WEB D\\\\Project\\\\Amazon-Clone\\\\functions\\\\node_modules\\\\firebase-functions\\\\lib\\\\index.js\"}"}}
[debug] [2020-12-26T06:59:15.273Z] [runtime-status] [18520] Resolved module firebase-functions {"declared":true,"installed":true,"version":"3.13.0","resolution":"D:\\CodinG\\Programs\\WEB D\\Project\\Amazon-Clone\\functions\\node_modules\\firebase-functions\\lib\\index.js"} {"metadata":{"emulator":{"name":"functions"},"function":{"name":"api"},"message":"[runtime-status] [18520] Resolved module firebase-functions {\"declared\":true,\"installed\":true,\"version\":\"3.13.0\",\"resolution\":\"D:\\\\CodinG\\\\Programs\\\\WEB D\\\\Project\\\\Amazon-Clone\\\\functions\\\\node_modules\\\\firebase-functions\\\\lib\\\\index.js\"}"}}
[debug] [2020-12-26T06:59:15.275Z] [runtime-status] [18520] Outgoing network have been stubbed. [{"name":"http","status":"mocked"},{"name":"http","status":"mocked"},{"name":"https","status":"mocked"},{"name":"https","status":"mocked"},{"name":"net","status":"mocked"}] {"metadata":{"emulator":{"name":"functions"},"function":{"name":"api"},"message":"[runtime-status] [18520] Outgoing network have been stubbed. [{\"name\":\"http\",\"status\":\"mocked\"},{\"name\":\"http\",\"status\":\"mocked\"},{\"name\":\"https\",\"status\":\"mocked\"},{\"name\":\"https\",\"status\":\"mocked\"},{\"name\":\"net\",\"status\":\"mocked\"}]"}}
[debug] [2020-12-26T06:59:15.275Z] [runtime-status] [18520] Resolved module firebase-functions {"declared":true,"installed":true,"version":"3.13.0","resolution":"D:\\CodinG\\Programs\\WEB D\\Project\\Amazon-Clone\\functions\\node_modules\\firebase-functions\\lib\\index.js"} {"metadata":{"emulator":{"name":"functions"},"function":{"name":"api"},"message":"[runtime-status] [18520] Resolved module firebase-functions {\"declared\":true,\"installed\":true,\"version\":\"3.13.0\",\"resolution\":\"D:\\\\CodinG\\\\Programs\\\\WEB D\\\\Project\\\\Amazon-Clone\\\\functions\\\\node_modules\\\\firebase-functions\\\\lib\\\\index.js\"}"}}
[debug] [2020-12-26T06:59:15.319Z] [runtime-status] [18520] Checked functions.config() {"config":{}} {"metadata":{"emulator":{"name":"functions"},"function":{"name":"api"},"message":"[runtime-status] [18520] Checked functions.config() {\"config\":{}}"}}
[debug] [2020-12-26T06:59:15.320Z] [runtime-status] [18520] firebase-functions has been stubbed. {"functionsResolution":{"declared":true,"installed":true,"version":"3.13.0","resolution":"D:\\CodinG\\Programs\\WEB D\\Project\\Amazon-Clone\\functions\\node_modules\\firebase-functions\\lib\\index.js"}} {"metadata":{"emulator":{"name":"functions"},"function":{"name":"api"},"message":"[runtime-status] [18520] firebase-functions has been stubbed. {\"functionsResolution\":{\"declared\":true,\"installed\":true,\"version\":\"3.13.0\",\"resolution\":\"D:\\\\CodinG\\\\Programs\\\\WEB D\\\\Project\\\\Amazon-Clone\\\\functions\\\\node_modules\\\\firebase-functions\\\\lib\\\\index.js\"}}"}}
[debug] [2020-12-26T06:59:15.321Z] [runtime-status] [18520] Resolved module firebase-functions {"declared":true,"installed":true,"version":"3.13.0","resolution":"D:\\CodinG\\Programs\\WEB D\\Project\\Amazon-Clone\\functions\\node_modules\\firebase-functions\\lib\\index.js"} {"metadata":{"emulator":{"name":"functions"},"function":{"name":"api"},"message":"[runtime-status] [18520] Resolved module firebase-functions {\"declared\":true,\"installed\":true,\"version\":\"3.13.0\",\"resolution\":\"D:\\\\CodinG\\\\Programs\\\\WEB D\\\\Project\\\\Amazon-Clone\\\\functions\\\\node_modules\\\\firebase-functions\\\\lib\\\\index.js\"}"}}
[debug] [2020-12-26T06:59:15.322Z] [runtime-status] [18520] Resolved module firebase-admin {"declared":true,"installed":true,"version":"9.4.2","resolution":"D:\\CodinG\\Programs\\WEB D\\Project\\Amazon-Clone\\functions\\node_modules\\firebase-admin\\lib\\index.js"} {"metadata":{"emulator":{"name":"functions"},"function":{"name":"api"},"message":"[runtime-status] [18520] Resolved module firebase-admin {\"declared\":true,\"installed\":true,\"version\":\"9.4.2\",\"resolution\":\"D:\\\\CodinG\\\\Programs\\\\WEB D\\\\Project\\\\Amazon-Clone\\\\functions\\\\node_modules\\\\firebase-admin\\\\lib\\\\index.js\"}"}}
[debug] [2020-12-26T06:59:15.322Z] [runtime-status] [18520] Resolved module firebase-functions {"declared":true,"installed":true,"version":"3.13.0","resolution":"D:\\CodinG\\Programs\\WEB D\\Project\\Amazon-Clone\\functions\\node_modules\\firebase-functions\\lib\\index.js"} {"metadata":{"emulator":{"name":"functions"},"function":{"name":"api"},"message":"[runtime-status] [18520] Resolved module firebase-functions {\"declared\":true,\"installed\":true,\"version\":\"3.13.0\",\"resolution\":\"D:\\\\CodinG\\\\Programs\\\\WEB D\\\\Project\\\\Amazon-Clone\\\\functions\\\\node_modules\\\\firebase-functions\\\\lib\\\\index.js\"}"}}
[debug] [2020-12-26T06:59:15.323Z] [runtime-status] [18520] firebase-admin has been stubbed. {"adminResolution":{"declared":true,"installed":true,"version":"9.4.2","resolution":"D:\\CodinG\\Programs\\WEB D\\Project\\Amazon-Clone\\functions\\node_modules\\firebase-admin\\lib\\index.js"}} {"metadata":{"emulator":{"name":"functions"},"function":{"name":"api"},"message":"[runtime-status] [18520] firebase-admin has been stubbed. {\"adminResolution\":{\"declared\":true,\"installed\":true,\"version\":\"9.4.2\",\"resolution\":\"D:\\\\CodinG\\\\Programs\\\\WEB D\\\\Project\\\\Amazon-Clone\\\\functions\\\\node_modules\\\\firebase-admin\\\\lib\\\\index.js\"}}"}}
[debug] [2020-12-26T06:59:15.492Z] [runtime-status] [18520] Trigger "api" has been found, beginning invocation! {"metadata":{"emulator":{"name":"functions"},"function":{"name":"api"},"message":"[runtime-status] [18520] Trigger \"api\" has been found, beginning invocation!"}}
[info] i  functions: Beginning execution of "api" {"metadata":{"emulator":{"name":"functions"},"function":{"name":"api"},"message":"Beginning execution of \"api\""}}
[debug] [2020-12-26T06:59:15.493Z] [runtime-status] [18520] triggerDefinition {"httpsTrigger":{},"name":"api","entryPoint":"api"} {"metadata":{"emulator":{"name":"functions"},"function":{"name":"api"},"message":"[runtime-status] [18520] triggerDefinition {\"httpsTrigger\":{},\"name\":\"api\",\"entryPoint\":\"api\"}"}}
[debug] [2020-12-26T06:59:15.493Z] [runtime-status] [18520] Running api in mode HTTPS {"metadata":{"emulator":{"name":"functions"},"function":{"name":"api"},"message":"[runtime-status] [18520] Running api in mode HTTPS"}}
[debug] [2020-12-26T06:59:15.495Z] [runtime-status] [18520] Attempting to listen to socketPath: \\?\pipe\D:\CodinG\Programs\WEB D\Project\Amazon-Clone\functions\18520 {"metadata":{"emulator":{"name":"functions"},"function":{"name":"api"},"message":"[runtime-status] [18520] Attempting to listen to socketPath: \\\\?\\pipe\\D:\\CodinG\\Programs\\WEB D\\Project\\Amazon-Clone\\functions\\18520"}}
[debug] [2020-12-26T06:59:15.499Z] [functions] Runtime ready! Sending request! {"metadata":{"emulator":{"name":"functions"},"message":"[functions] Runtime ready! Sending request!"}}
[debug] [2020-12-26T06:59:15.509Z] [runtime-status] [18520] Ephemeral server handling POST request {"metadata":{"emulator":{"name":"functions"},"function":{"name":"api"},"message":"[runtime-status] [18520] Ephemeral server handling POST request"}}
[info] >  Payment Request Recieved for this amount  9000000 {"user":"Payment Request Recieved for this amount  9000000","metadata":{"emulator":{"name":"functions"},"function":{"name":"api"},"message":"\u001b[90m> \u001b[39m Payment Request Recieved for this amount  9000000"}}
[debug] [2020-12-26T06:59:15.534Z] [runtime-status] [18520] Ephemeral server survived. {"metadata":{"emulator":{"name":"functions"},"function":{"name":"api"},"message":"[runtime-status] [18520] Ephemeral server survived."}}
[info] i  functions: Finished "api" in ~1s {"metadata":{"emulator":{"name":"functions"},"function":{"name":"api"},"message":"Finished \"api\" in ~1s"}}
[debug] [2020-12-26T06:59:16.477Z] [worker-api-b64161a4-4bad-4347-b0ef-eaac0079243f]: IDLE {"metadata":{"emulator":{"name":"functions"},"message":"[worker-api-b64161a4-4bad-4347-b0ef-eaac0079243f]: IDLE"}}
[debug] [2020-12-26T06:59:16.478Z] [work-queue] {"queueLength":0,"workRunningCount":0}
[debug] [2020-12-26T06:59:38.935Z] [work-queue] {"queueLength":1,"workRunningCount":0}
[debug] [2020-12-26T06:59:38.936Z] [work-queue] {"queueLength":0,"workRunningCount":1}
[debug] [2020-12-26T06:59:38.936Z] Accepted request POST /challenge-6280d/us-central1/api/payments/create?total=0 --> api
[debug] [2020-12-26T06:59:38.936Z] [worker-pool] submitWork(triggerId=api) {"metadata":{"emulator":{"name":"functions"},"message":"[worker-pool] submitWork(triggerId=api)"}}
[debug] [2020-12-26T06:59:38.936Z] [worker-api-b64161a4-4bad-4347-b0ef-eaac0079243f]: Assigning socketPath: \\?\pipe\D:\CodinG\Programs\WEB D\Project\Amazon-Clone\functions\18520 {"metadata":{"emulator":{"name":"functions"},"message":"[worker-api-b64161a4-4bad-4347-b0ef-eaac0079243f]: Assigning socketPath: \\\\?\\pipe\\D:\\CodinG\\Programs\\WEB D\\Project\\Amazon-Clone\\functions\\18520"}}
[debug] [2020-12-26T06:59:38.936Z] [worker-api-b64161a4-4bad-4347-b0ef-eaac0079243f]: BUSY {"metadata":{"emulator":{"name":"functions"},"message":"[worker-api-b64161a4-4bad-4347-b0ef-eaac0079243f]: BUSY"}}
[debug] [2020-12-26T06:59:38.937Z] [runtime-status] [18520] Trigger "api" has been found, beginning invocation! {"metadata":{"emulator":{"name":"functions"},"function":{"name":"api"},"message":"[runtime-status] [18520] Trigger \"api\" has been found, beginning invocation!"}}
[info] i  functions: Beginning execution of "api" {"metadata":{"emulator":{"name":"functions"},"function":{"name":"api"},"message":"Beginning execution of \"api\""}}
[debug] [2020-12-26T06:59:38.939Z] [runtime-status] [18520] triggerDefinition {"httpsTrigger":{},"name":"api","entryPoint":"api"} {"metadata":{"emulator":{"name":"functions"},"function":{"name":"api"},"message":"[runtime-status] [18520] triggerDefinition {\"httpsTrigger\":{},\"name\":\"api\",\"entryPoint\":\"api\"}"}}
[debug] [2020-12-26T06:59:38.939Z] [runtime-status] [18520] Running api in mode HTTPS {"metadata":{"emulator":{"name":"functions"},"function":{"name":"api"},"message":"[runtime-status] [18520] Running api in mode HTTPS"}}
[debug] [2020-12-26T06:59:38.939Z] [runtime-status] [18520] Attempting to listen to socketPath: \\?\pipe\D:\CodinG\Programs\WEB D\Project\Amazon-Clone\functions\18520 {"metadata":{"emulator":{"name":"functions"},"function":{"name":"api"},"message":"[runtime-status] [18520] Attempting to listen to socketPath: \\\\?\\pipe\\D:\\CodinG\\Programs\\WEB D\\Project\\Amazon-Clone\\functions\\18520"}}
[debug] [2020-12-26T06:59:38.941Z] [functions] Runtime ready! Sending request! {"metadata":{"emulator":{"name":"functions"},"message":"[functions] Runtime ready! Sending request!"}}
[debug] [2020-12-26T06:59:38.945Z] [runtime-status] [18520] Ephemeral server handling POST request {"metadata":{"emulator":{"name":"functions"},"function":{"name":"api"},"message":"[runtime-status] [18520] Ephemeral server handling POST request"}}
[info] >  Payment Request Recieved for this amount  0 {"user":"Payment Request Recieved for this amount  0","metadata":{"emulator":{"name":"functions"},"function":{"name":"api"},"message":"\u001b[90m> \u001b[39m Payment Request Recieved for this amount  0"}}
[debug] [2020-12-26T06:59:38.947Z] [runtime-status] [18520] Ephemeral server survived. {"metadata":{"emulator":{"name":"functions"},"function":{"name":"api"},"message":"[runtime-status] [18520] Ephemeral server survived."}}
[info] >  (node:18520) UnhandledPromiseRejectionWarning: Error: This value must be greater than or equal to 1. {"user":"(node:18520) UnhandledPromiseRejectionWarning: Error: This value must be greater than or equal to 1.","metadata":{"emulator":{"name":"functions"},"function":{"name":"api"},"message":"\u001b[90m> \u001b[39m (node:18520) UnhandledPromiseRejectionWarning: Error: This value must be greater than or equal to 1."}}
[info] >      at Function.generate (D:\CodinG\Programs\WEB D\Project\Amazon-Clone\functions\node_modules\stripe\lib\Error.js:40:16) {"user":"    at Function.generate (D:\\CodinG\\Programs\\WEB D\\Project\\Amazon-Clone\\functions\\node_modules\\stripe\\lib\\Error.js:40:16)","metadata":{"emulator":{"name":"functions"},"function":{"name":"api"},"message":"\u001b[90m> \u001b[39m     at Function.generate (D:\\CodinG\\Programs\\WEB D\\Project\\Amazon-Clone\\functions\\node_modules\\stripe\\lib\\Error.js:40:16)"}}
[info] >      at IncomingMessage.<anonymous> (D:\CodinG\Programs\WEB D\Project\Amazon-Clone\functions\node_modules\stripe\lib\StripeResource.js:190:33) {"user":"    at IncomingMessage.<anonymous> (D:\\CodinG\\Programs\\WEB D\\Project\\Amazon-Clone\\functions\\node_modules\\stripe\\lib\\StripeResource.js:190:33)","metadata":{"emulator":{"name":"functions"},"function":{"name":"api"},"message":"\u001b[90m> \u001b[39m     at IncomingMessage.<anonymous> (D:\\CodinG\\Programs\\WEB D\\Project\\Amazon-Clone\\functions\\node_modules\\stripe\\lib\\StripeResource.js:190:33)"}}
[info] >      at Object.onceWrapper (events.js:421:28) {"user":"    at Object.onceWrapper (events.js:421:28)","metadata":{"emulator":{"name":"functions"},"function":{"name":"api"},"message":"\u001b[90m> \u001b[39m     at Object.onceWrapper (events.js:421:28)"}}
[info] >      at IncomingMessage.emit (events.js:327:22) {"user":"    at IncomingMessage.emit (events.js:327:22)","metadata":{"emulator":{"name":"functions"},"function":{"name":"api"},"message":"\u001b[90m> \u001b[39m     at IncomingMessage.emit (events.js:327:22)"}}
[info] >      at endReadableNT (_stream_readable.js:1327:12) {"user":"    at endReadableNT (_stream_readable.js:1327:12)","metadata":{"emulator":{"name":"functions"},"function":{"name":"api"},"message":"\u001b[90m> \u001b[39m     at endReadableNT (_stream_readable.js:1327:12)"}}
[info] >      at processTicksAndRejections (internal/process/task_queues.js:80:21) {"user":"    at processTicksAndRejections (internal/process/task_queues.js:80:21)","metadata":{"emulator":{"name":"functions"},"function":{"name":"api"},"message":"\u001b[90m> \u001b[39m     at processTicksAndRejections (internal/process/task_queues.js:80:21)"}}
[info] >  (Use `node --trace-warnings ...` to show where the warning was created) {"user":"(Use `node --trace-warnings ...` to show where the warning was created)","metadata":{"emulator":{"name":"functions"},"function":{"name":"api"},"message":"\u001b[90m> \u001b[39m (Use `node --trace-warnings ...` to show where the warning was created)"}}
[info] >  (node:18520) UnhandledPromiseRejectionWarning: Unhandled promise rejection. This error originated either by throwing inside of an async function without a catch block, or by rejecting a promise which was not handled with .catch(). To terminate the node process on unhandled promise rejection, use the CLI flag `--unhandled-rejections=strict` (see https://nodejs.org/api/cli.html#cli_unhandled_rejections_mode). (rejection id: 1) {"user":"(node:18520) UnhandledPromiseRejectionWarning: Unhandled promise rejection. This error originated either by throwing inside of an async function without a catch block, or by rejecting a promise which was not handled with .catch(). To terminate the node process on unhandled promise rejection, use the CLI flag `--unhandled-rejections=strict` (see https://nodejs.org/api/cli.html#cli_unhandled_rejections_mode). (rejection id: 1)","metadata":{"emulator":{"name":"functions"},"function":{"name":"api"},"message":"\u001b[90m> \u001b[39m (node:18520) UnhandledPromiseRejectionWarning: Unhandled promise rejection. This error originated either by throwing inside of an async function without a catch block, or by rejecting a promise which was not handled with .catch(). To terminate the node process on unhandled promise rejection, use the CLI flag `--unhandled-rejections=strict` (see https://nodejs.org/api/cli.html#cli_unhandled_rejections_mode). (rejection id: 1)"}}
[info] >  (node:18520) [DEP0018] DeprecationWarning: Unhandled promise rejections are deprecated. In the future, promise rejections that are not handled will terminate the Node.js process with a non-zero exit code. {"user":"(node:18520) [DEP0018] DeprecationWarning: Unhandled promise rejections are deprecated. In the future, promise rejections that are not handled will terminate the Node.js process with a non-zero exit code.","metadata":{"emulator":{"name":"functions"},"function":{"name":"api"},"message":"\u001b[90m> \u001b[39m (node:18520) [DEP0018] DeprecationWarning: Unhandled promise rejections are deprecated. In the future, promise rejections that are not handled will terminate the Node.js process with a non-zero exit code."}}
[debug] [2020-12-26T06:59:39.810Z] [work-queue] {"queueLength":1,"workRunningCount":1}
[debug] [2020-12-26T06:59:39.810Z] [work-queue] {"queueLength":0,"workRunningCount":2}
[debug] [2020-12-26T06:59:39.810Z] Accepted request POST /challenge-6280d/us-central1/api/payments/create?total=0 --> api
[debug] [2020-12-26T06:59:39.815Z] [worker-pool] addWorker(api) {"metadata":{"emulator":{"name":"functions"},"message":"[worker-pool] addWorker(api)"}}
[debug] [2020-12-26T06:59:39.816Z] [worker-pool] Adding worker with key api, total=2 {"metadata":{"emulator":{"name":"functions"},"message":"[worker-pool] Adding worker with key api, total=2"}}
[debug] [2020-12-26T06:59:39.816Z] [worker-pool] submitWork(triggerId=api) {"metadata":{"emulator":{"name":"functions"},"message":"[worker-pool] submitWork(triggerId=api)"}}
[debug] [2020-12-26T06:59:39.816Z] [worker-api-f793dd36-d7dd-4dcb-a759-8013fffb2419]: Assigning socketPath: \\?\pipe\D:\CodinG\Programs\WEB D\Project\Amazon-Clone\functions\10572 {"metadata":{"emulator":{"name":"functions"},"message":"[worker-api-f793dd36-d7dd-4dcb-a759-8013fffb2419]: Assigning socketPath: \\\\?\\pipe\\D:\\CodinG\\Programs\\WEB D\\Project\\Amazon-Clone\\functions\\10572"}}
[debug] [2020-12-26T06:59:39.816Z] [worker-api-f793dd36-d7dd-4dcb-a759-8013fffb2419]: BUSY {"metadata":{"emulator":{"name":"functions"},"message":"[worker-api-f793dd36-d7dd-4dcb-a759-8013fffb2419]: BUSY"}}
[debug] [2020-12-26T06:59:40.007Z] [runtime-status] [10572] Functions runtime initialized. {"cwd":"D:\\CodinG\\Programs\\WEB D\\Project\\Amazon-Clone\\functions","node_version":"14.15.1"} {"metadata":{"emulator":{"name":"functions"},"function":{"name":"api"},"message":"[runtime-status] [10572] Functions runtime initialized. {\"cwd\":\"D:\\\\CodinG\\\\Programs\\\\WEB D\\\\Project\\\\Amazon-Clone\\\\functions\",\"node_version\":\"14.15.1\"}"}}
[debug] [2020-12-26T06:59:40.009Z] [runtime-status] [10572] Disabled runtime features: undefined {"metadata":{"emulator":{"name":"functions"},"function":{"name":"api"},"message":"[runtime-status] [10572] Disabled runtime features: undefined"}}
[debug] [2020-12-26T06:59:40.013Z] [runtime-status] [10572] Resolved module firebase-admin {"declared":true,"installed":true,"version":"9.4.2","resolution":"D:\\CodinG\\Programs\\WEB D\\Project\\Amazon-Clone\\functions\\node_modules\\firebase-admin\\lib\\index.js"} {"metadata":{"emulator":{"name":"functions"},"function":{"name":"api"},"message":"[runtime-status] [10572] Resolved module firebase-admin {\"declared\":true,\"installed\":true,\"version\":\"9.4.2\",\"resolution\":\"D:\\\\CodinG\\\\Programs\\\\WEB D\\\\Project\\\\Amazon-Clone\\\\functions\\\\node_modules\\\\firebase-admin\\\\lib\\\\index.js\"}"}}
[debug] [2020-12-26T06:59:40.015Z] [runtime-status] [10572] Resolved module firebase-functions {"declared":true,"installed":true,"version":"3.13.0","resolution":"D:\\CodinG\\Programs\\WEB D\\Project\\Amazon-Clone\\functions\\node_modules\\firebase-functions\\lib\\index.js"} {"metadata":{"emulator":{"name":"functions"},"function":{"name":"api"},"message":"[runtime-status] [10572] Resolved module firebase-functions {\"declared\":true,\"installed\":true,\"version\":\"3.13.0\",\"resolution\":\"D:\\\\CodinG\\\\Programs\\\\WEB D\\\\Project\\\\Amazon-Clone\\\\functions\\\\node_modules\\\\firebase-functions\\\\lib\\\\index.js\"}"}}
[debug] [2020-12-26T06:59:40.016Z] [runtime-status] [10572] Resolved module firebase-functions {"declared":true,"installed":true,"version":"3.13.0","resolution":"D:\\CodinG\\Programs\\WEB D\\Project\\Amazon-Clone\\functions\\node_modules\\firebase-functions\\lib\\index.js"} {"metadata":{"emulator":{"name":"functions"},"function":{"name":"api"},"message":"[runtime-status] [10572] Resolved module firebase-functions {\"declared\":true,\"installed\":true,\"version\":\"3.13.0\",\"resolution\":\"D:\\\\CodinG\\\\Programs\\\\WEB D\\\\Project\\\\Amazon-Clone\\\\functions\\\\node_modules\\\\firebase-functions\\\\lib\\\\index.js\"}"}}
[debug] [2020-12-26T06:59:40.018Z] [runtime-status] [10572] Outgoing network have been stubbed. [{"name":"http","status":"mocked"},{"name":"http","status":"mocked"},{"name":"https","status":"mocked"},{"name":"https","status":"mocked"},{"name":"net","status":"mocked"}] {"metadata":{"emulator":{"name":"functions"},"function":{"name":"api"},"message":"[runtime-status] [10572] Outgoing network have been stubbed. [{\"name\":\"http\",\"status\":\"mocked\"},{\"name\":\"http\",\"status\":\"mocked\"},{\"name\":\"https\",\"status\":\"mocked\"},{\"name\":\"https\",\"status\":\"mocked\"},{\"name\":\"net\",\"status\":\"mocked\"}]"}}
[debug] [2020-12-26T06:59:40.018Z] [runtime-status] [10572] Resolved module firebase-functions {"declared":true,"installed":true,"version":"3.13.0","resolution":"D:\\CodinG\\Programs\\WEB D\\Project\\Amazon-Clone\\functions\\node_modules\\firebase-functions\\lib\\index.js"} {"metadata":{"emulator":{"name":"functions"},"function":{"name":"api"},"message":"[runtime-status] [10572] Resolved module firebase-functions {\"declared\":true,\"installed\":true,\"version\":\"3.13.0\",\"resolution\":\"D:\\\\CodinG\\\\Programs\\\\WEB D\\\\Project\\\\Amazon-Clone\\\\functions\\\\node_modules\\\\firebase-functions\\\\lib\\\\index.js\"}"}}
[debug] [2020-12-26T06:59:40.070Z] [runtime-status] [10572] Checked functions.config() {"config":{}} {"metadata":{"emulator":{"name":"functions"},"function":{"name":"api"},"message":"[runtime-status] [10572] Checked functions.config() {\"config\":{}}"}}
[debug] [2020-12-26T06:59:40.070Z] [runtime-status] [10572] firebase-functions has been stubbed. {"functionsResolution":{"declared":true,"installed":true,"version":"3.13.0","resolution":"D:\\CodinG\\Programs\\WEB D\\Project\\Amazon-Clone\\functions\\node_modules\\firebase-functions\\lib\\index.js"}} {"metadata":{"emulator":{"name":"functions"},"function":{"name":"api"},"message":"[runtime-status] [10572] firebase-functions has been stubbed. {\"functionsResolution\":{\"declared\":true,\"installed\":true,\"version\":\"3.13.0\",\"resolution\":\"D:\\\\CodinG\\\\Programs\\\\WEB D\\\\Project\\\\Amazon-Clone\\\\functions\\\\node_modules\\\\firebase-functions\\\\lib\\\\index.js\"}}"}}
[debug] [2020-12-26T06:59:40.070Z] [runtime-status] [10572] Resolved module firebase-functions {"declared":true,"installed":true,"version":"3.13.0","resolution":"D:\\CodinG\\Programs\\WEB D\\Project\\Amazon-Clone\\functions\\node_modules\\firebase-functions\\lib\\index.js"} {"metadata":{"emulator":{"name":"functions"},"function":{"name":"api"},"message":"[runtime-status] [10572] Resolved module firebase-functions {\"declared\":true,\"installed\":true,\"version\":\"3.13.0\",\"resolution\":\"D:\\\\CodinG\\\\Programs\\\\WEB D\\\\Project\\\\Amazon-Clone\\\\functions\\\\node_modules\\\\firebase-functions\\\\lib\\\\index.js\"}"}}
[debug] [2020-12-26T06:59:40.071Z] [runtime-status] [10572] Resolved module firebase-admin {"declared":true,"installed":true,"version":"9.4.2","resolution":"D:\\CodinG\\Programs\\WEB D\\Project\\Amazon-Clone\\functions\\node_modules\\firebase-admin\\lib\\index.js"} {"metadata":{"emulator":{"name":"functions"},"function":{"name":"api"},"message":"[runtime-status] [10572] Resolved module firebase-admin {\"declared\":true,\"installed\":true,\"version\":\"9.4.2\",\"resolution\":\"D:\\\\CodinG\\\\Programs\\\\WEB D\\\\Project\\\\Amazon-Clone\\\\functions\\\\node_modules\\\\firebase-admin\\\\lib\\\\index.js\"}"}}
[debug] [2020-12-26T06:59:40.072Z] [runtime-status] [10572] Resolved module firebase-functions {"declared":true,"installed":true,"version":"3.13.0","resolution":"D:\\CodinG\\Programs\\WEB D\\Project\\Amazon-Clone\\functions\\node_modules\\firebase-functions\\lib\\index.js"} {"metadata":{"emulator":{"name":"functions"},"function":{"name":"api"},"message":"[runtime-status] [10572] Resolved module firebase-functions {\"declared\":true,\"installed\":true,\"version\":\"3.13.0\",\"resolution\":\"D:\\\\CodinG\\\\Programs\\\\WEB D\\\\Project\\\\Amazon-Clone\\\\functions\\\\node_modules\\\\firebase-functions\\\\lib\\\\index.js\"}"}}
[debug] [2020-12-26T06:59:40.072Z] [runtime-status] [10572] firebase-admin has been stubbed. {"adminResolution":{"declared":true,"installed":true,"version":"9.4.2","resolution":"D:\\CodinG\\Programs\\WEB D\\Project\\Amazon-Clone\\functions\\node_modules\\firebase-admin\\lib\\index.js"}} {"metadata":{"emulator":{"name":"functions"},"function":{"name":"api"},"message":"[runtime-status] [10572] firebase-admin has been stubbed. {\"adminResolution\":{\"declared\":true,\"installed\":true,\"version\":\"9.4.2\",\"resolution\":\"D:\\\\CodinG\\\\Programs\\\\WEB D\\\\Project\\\\Amazon-Clone\\\\functions\\\\node_modules\\\\firebase-admin\\\\lib\\\\index.js\"}}"}}
[debug] [2020-12-26T06:59:40.239Z] [runtime-status] [10572] Trigger "api" has been found, beginning invocation! {"metadata":{"emulator":{"name":"functions"},"function":{"name":"api"},"message":"[runtime-status] [10572] Trigger \"api\" has been found, beginning invocation!"}}
[info] i  functions: Beginning execution of "api" {"metadata":{"emulator":{"name":"functions"},"function":{"name":"api"},"message":"Beginning execution of \"api\""}}
[debug] [2020-12-26T06:59:40.240Z] [runtime-status] [10572] triggerDefinition {"httpsTrigger":{},"name":"api","entryPoint":"api"} {"metadata":{"emulator":{"name":"functions"},"function":{"name":"api"},"message":"[runtime-status] [10572] triggerDefinition {\"httpsTrigger\":{},\"name\":\"api\",\"entryPoint\":\"api\"}"}}
[debug] [2020-12-26T06:59:40.241Z] [runtime-status] [10572] Running api in mode HTTPS {"metadata":{"emulator":{"name":"functions"},"function":{"name":"api"},"message":"[runtime-status] [10572] Running api in mode HTTPS"}}
[debug] [2020-12-26T06:59:40.243Z] [runtime-status] [10572] Attempting to listen to socketPath: \\?\pipe\D:\CodinG\Programs\WEB D\Project\Amazon-Clone\functions\10572 {"metadata":{"emulator":{"name":"functions"},"function":{"name":"api"},"message":"[runtime-status] [10572] Attempting to listen to socketPath: \\\\?\\pipe\\D:\\CodinG\\Programs\\WEB D\\Project\\Amazon-Clone\\functions\\10572"}}
[debug] [2020-12-26T06:59:40.247Z] [functions] Runtime ready! Sending request! {"metadata":{"emulator":{"name":"functions"},"message":"[functions] Runtime ready! Sending request!"}}
[debug] [2020-12-26T06:59:40.253Z] [runtime-status] [10572] Ephemeral server handling POST request {"metadata":{"emulator":{"name":"functions"},"function":{"name":"api"},"message":"[runtime-status] [10572] Ephemeral server handling POST request"}}
[info] >  Payment Request Recieved for this amount  0 {"user":"Payment Request Recieved for this amount  0","metadata":{"emulator":{"name":"functions"},"function":{"name":"api"},"message":"\u001b[90m> \u001b[39m Payment Request Recieved for this amount  0"}}
[debug] [2020-12-26T06:59:40.277Z] [runtime-status] [10572] Ephemeral server survived. {"metadata":{"emulator":{"name":"functions"},"function":{"name":"api"},"message":"[runtime-status] [10572] Ephemeral server survived."}}
[info] >  (node:10572) UnhandledPromiseRejectionWarning: Error: This value must be greater than or equal to 1. {"user":"(node:10572) UnhandledPromiseRejectionWarning: Error: This value must be greater than or equal to 1.","metadata":{"emulator":{"name":"functions"},"function":{"name":"api"},"message":"\u001b[90m> \u001b[39m (node:10572) UnhandledPromiseRejectionWarning: Error: This value must be greater than or equal to 1."}}
[info] >      at Function.generate (D:\CodinG\Programs\WEB D\Project\Amazon-Clone\functions\node_modules\stripe\lib\Error.js:40:16) {"user":"    at Function.generate (D:\\CodinG\\Programs\\WEB D\\Project\\Amazon-Clone\\functions\\node_modules\\stripe\\lib\\Error.js:40:16)","metadata":{"emulator":{"name":"functions"},"function":{"name":"api"},"message":"\u001b[90m> \u001b[39m     at Function.generate (D:\\CodinG\\Programs\\WEB D\\Project\\Amazon-Clone\\functions\\node_modules\\stripe\\lib\\Error.js:40:16)"}}
[info] >      at IncomingMessage.<anonymous> (D:\CodinG\Programs\WEB D\Project\Amazon-Clone\functions\node_modules\stripe\lib\StripeResource.js:190:33) {"user":"    at IncomingMessage.<anonymous> (D:\\CodinG\\Programs\\WEB D\\Project\\Amazon-Clone\\functions\\node_modules\\stripe\\lib\\StripeResource.js:190:33)","metadata":{"emulator":{"name":"functions"},"function":{"name":"api"},"message":"\u001b[90m> \u001b[39m     at IncomingMessage.<anonymous> (D:\\CodinG\\Programs\\WEB D\\Project\\Amazon-Clone\\functions\\node_modules\\stripe\\lib\\StripeResource.js:190:33)"}}
[info] >      at Object.onceWrapper (events.js:421:28) {"user":"    at Object.onceWrapper (events.js:421:28)","metadata":{"emulator":{"name":"functions"},"function":{"name":"api"},"message":"\u001b[90m> \u001b[39m     at Object.onceWrapper (events.js:421:28)"}}
[info] >      at IncomingMessage.emit (events.js:327:22) {"user":"    at IncomingMessage.emit (events.js:327:22)","metadata":{"emulator":{"name":"functions"},"function":{"name":"api"},"message":"\u001b[90m> \u001b[39m     at IncomingMessage.emit (events.js:327:22)"}}
[info] >      at endReadableNT (_stream_readable.js:1327:12) {"user":"    at endReadableNT (_stream_readable.js:1327:12)","metadata":{"emulator":{"name":"functions"},"function":{"name":"api"},"message":"\u001b[90m> \u001b[39m     at endReadableNT (_stream_readable.js:1327:12)"}}
[info] >      at processTicksAndRejections (internal/process/task_queues.js:80:21) {"user":"    at processTicksAndRejections (internal/process/task_queues.js:80:21)","metadata":{"emulator":{"name":"functions"},"function":{"name":"api"},"message":"\u001b[90m> \u001b[39m     at processTicksAndRejections (internal/process/task_queues.js:80:21)"}}
[info] >  (Use `node --trace-warnings ...` to show where the warning was created) {"user":"(Use `node --trace-warnings ...` to show where the warning was created)","metadata":{"emulator":{"name":"functions"},"function":{"name":"api"},"message":"\u001b[90m> \u001b[39m (Use `node --trace-warnings ...` to show where the warning was created)"}}
[info] >  (node:10572) UnhandledPromiseRejectionWarning: Unhandled promise rejection. This error originated either by throwing inside of an async function without a catch block, or by rejecting a promise which was not handled with .catch(). To terminate the node process on unhandled promise rejection, use the CLI flag `--unhandled-rejections=strict` (see https://nodejs.org/api/cli.html#cli_unhandled_rejections_mode). (rejection id: 1) {"user":"(node:10572) UnhandledPromiseRejectionWarning: Unhandled promise rejection. This error originated either by throwing inside of an async function without a catch block, or by rejecting a promise which was not handled with .catch(). To terminate the node process on unhandled promise rejection, use the CLI flag `--unhandled-rejections=strict` (see https://nodejs.org/api/cli.html#cli_unhandled_rejections_mode). (rejection id: 1)","metadata":{"emulator":{"name":"functions"},"function":{"name":"api"},"message":"\u001b[90m> \u001b[39m (node:10572) UnhandledPromiseRejectionWarning: Unhandled promise rejection. This error originated either by throwing inside of an async function without a catch block, or by rejecting a promise which was not handled with .catch(). To terminate the node process on unhandled promise rejection, use the CLI flag `--unhandled-rejections=strict` (see https://nodejs.org/api/cli.html#cli_unhandled_rejections_mode). (rejection id: 1)"}}
[info] >  (node:10572) [DEP0018] DeprecationWarning: Unhandled promise rejections are deprecated. In the future, promise rejections that are not handled will terminate the Node.js process with a non-zero exit code. {"user":"(node:10572) [DEP0018] DeprecationWarning: Unhandled promise rejections are deprecated. In the future, promise rejections that are not handled will terminate the Node.js process with a non-zero exit code.","metadata":{"emulator":{"name":"functions"},"function":{"name":"api"},"message":"\u001b[90m> \u001b[39m (node:10572) [DEP0018] DeprecationWarning: Unhandled promise rejections are deprecated. In the future, promise rejections that are not handled will terminate the Node.js process with a non-zero exit code."}}
[warn] !  functions: Your function timed out after ~60s. To configure this timeout, see
      https://firebase.google.com/docs/functions/manage-functions#set_timeout_and_memory_allocation. {"metadata":{"emulator":{"name":"functions"},"function":{"name":"api"},"message":"Your function timed out after ~60s. To configure this timeout, see\n      https://firebase.google.com/docs/functions/manage-functions#set_timeout_and_memory_allocation."}}
[info] >  C:\Users\ankit\AppData\Roaming\npm\node_modules\firebase-tools\lib\emulator\functionsEmulatorRuntime.js:638 {"user":"C:\\Users\\ankit\\AppData\\Roaming\\npm\\node_modules\\firebase-tools\\lib\\emulator\\functionsEmulatorRuntime.js:638\r","metadata":{"emulator":{"name":"functions"},"function":{"name":"api"},"message":"\u001b[90m> \u001b[39m C:\\Users\\ankit\\AppData\\Roaming\\npm\\node_modules\\firebase-tools\\lib\\emulator\\functionsEmulatorRuntime.js:638\r"}}
[info] >              throw new Error("Function timed out."); {"user":"            throw new Error(\"Function timed out.\");\r","metadata":{"emulator":{"name":"functions"},"function":{"name":"api"},"message":"\u001b[90m> \u001b[39m             throw new Error(\"Function timed out.\");\r"}}
[info] >              ^ {"user":"            ^\r","metadata":{"emulator":{"name":"functions"},"function":{"name":"api"},"message":"\u001b[90m> \u001b[39m             ^\r"}}
[info] >   {"user":"\r","metadata":{"emulator":{"name":"functions"},"function":{"name":"api"},"message":"\u001b[90m> \u001b[39m \r"}}
[info] >  Error: Function timed out. {"user":"Error: Function timed out.\r","metadata":{"emulator":{"name":"functions"},"function":{"name":"api"},"message":"\u001b[90m> \u001b[39m Error: Function timed out.\r"}}
[info] >      at Timeout._onTimeout (C:\Users\ankit\AppData\Roaming\npm\node_modules\firebase-tools\lib\emulator\functionsEmulatorRuntime.js:638:19) {"user":"    at Timeout._onTimeout (C:\\Users\\ankit\\AppData\\Roaming\\npm\\node_modules\\firebase-tools\\lib\\emulator\\functionsEmulatorRuntime.js:638:19)\r","metadata":{"emulator":{"name":"functions"},"function":{"name":"api"},"message":"\u001b[90m> \u001b[39m     at Timeout._onTimeout (C:\\Users\\ankit\\AppData\\Roaming\\npm\\node_modules\\firebase-tools\\lib\\emulator\\functionsEmulatorRuntime.js:638:19)\r"}}
[info] >      at listOnTimeout (internal/timers.js:554:17) {"user":"    at listOnTimeout (internal/timers.js:554:17)\r","metadata":{"emulator":{"name":"functions"},"function":{"name":"api"},"message":"\u001b[90m> \u001b[39m     at listOnTimeout (internal/timers.js:554:17)\r"}}
[info] >      at processTimers (internal/timers.js:497:7) {"user":"    at processTimers (internal/timers.js:497:7)\r","metadata":{"emulator":{"name":"functions"},"function":{"name":"api"},"message":"\u001b[90m> \u001b[39m     at processTimers (internal/timers.js:497:7)\r"}}
[debug] [2020-12-26T07:00:38.972Z] [worker-api-b64161a4-4bad-4347-b0ef-eaac0079243f]: exited {"metadata":{"emulator":{"name":"functions"},"message":"[worker-api-b64161a4-4bad-4347-b0ef-eaac0079243f]: exited"}}
[debug] [2020-12-26T07:00:38.972Z] [worker-api-b64161a4-4bad-4347-b0ef-eaac0079243f]: FINISHED {"metadata":{"emulator":{"name":"functions"},"message":"[worker-api-b64161a4-4bad-4347-b0ef-eaac0079243f]: FINISHED"}}
[debug] [2020-12-26T07:00:38.972Z] [work-queue] {"queueLength":0,"workRunningCount":1}
[warn] !  functions: Your function timed out after ~60s. To configure this timeout, see
      https://firebase.google.com/docs/functions/manage-functions#set_timeout_and_memory_allocation. {"metadata":{"emulator":{"name":"functions"},"function":{"name":"api"},"message":"Your function timed out after ~60s. To configure this timeout, see\n      https://firebase.google.com/docs/functions/manage-functions#set_timeout_and_memory_allocation."}}
[info] >  C:\Users\ankit\AppData\Roaming\npm\node_modules\firebase-tools\lib\emulator\functionsEmulatorRuntime.js:638 {"user":"C:\\Users\\ankit\\AppData\\Roaming\\npm\\node_modules\\firebase-tools\\lib\\emulator\\functionsEmulatorRuntime.js:638\r","metadata":{"emulator":{"name":"functions"},"function":{"name":"api"},"message":"\u001b[90m> \u001b[39m C:\\Users\\ankit\\AppData\\Roaming\\npm\\node_modules\\firebase-tools\\lib\\emulator\\functionsEmulatorRuntime.js:638\r"}}
[info] >              throw new Error("Function timed out."); {"user":"            throw new Error(\"Function timed out.\");\r","metadata":{"emulator":{"name":"functions"},"function":{"name":"api"},"message":"\u001b[90m> \u001b[39m             throw new Error(\"Function timed out.\");\r"}}
[info] >              ^ {"user":"            ^\r","metadata":{"emulator":{"name":"functions"},"function":{"name":"api"},"message":"\u001b[90m> \u001b[39m             ^\r"}}
[info] >   {"user":"\r","metadata":{"emulator":{"name":"functions"},"function":{"name":"api"},"message":"\u001b[90m> \u001b[39m \r"}}
[info] >  Error: Function timed out. {"user":"Error: Function timed out.\r","metadata":{"emulator":{"name":"functions"},"function":{"name":"api"},"message":"\u001b[90m> \u001b[39m Error: Function timed out.\r"}}
[info] >      at Timeout._onTimeout (C:\Users\ankit\AppData\Roaming\npm\node_modules\firebase-tools\lib\emulator\functionsEmulatorRuntime.js:638:19) {"user":"    at Timeout._onTimeout (C:\\Users\\ankit\\AppData\\Roaming\\npm\\node_modules\\firebase-tools\\lib\\emulator\\functionsEmulatorRuntime.js:638:19)\r","metadata":{"emulator":{"name":"functions"},"function":{"name":"api"},"message":"\u001b[90m> \u001b[39m     at Timeout._onTimeout (C:\\Users\\ankit\\AppData\\Roaming\\npm\\node_modules\\firebase-tools\\lib\\emulator\\functionsEmulatorRuntime.js:638:19)\r"}}
[info] >      at listOnTimeout (internal/timers.js:554:17) {"user":"    at listOnTimeout (internal/timers.js:554:17)\r","metadata":{"emulator":{"name":"functions"},"function":{"name":"api"},"message":"\u001b[90m> \u001b[39m     at listOnTimeout (internal/timers.js:554:17)\r"}}
[info] >      at processTimers (internal/timers.js:497:7) {"user":"    at processTimers (internal/timers.js:497:7)\r","metadata":{"emulator":{"name":"functions"},"function":{"name":"api"},"message":"\u001b[90m> \u001b[39m     at processTimers (internal/timers.js:497:7)\r"}}
[debug] [2020-12-26T07:00:40.257Z] [worker-api-f793dd36-d7dd-4dcb-a759-8013fffb2419]: exited {"metadata":{"emulator":{"name":"functions"},"message":"[worker-api-f793dd36-d7dd-4dcb-a759-8013fffb2419]: exited"}}
[debug] [2020-12-26T07:00:40.257Z] [worker-api-f793dd36-d7dd-4dcb-a759-8013fffb2419]: FINISHED {"metadata":{"emulator":{"name":"functions"},"message":"[worker-api-f793dd36-d7dd-4dcb-a759-8013fffb2419]: FINISHED"}}
[debug] [2020-12-26T07:00:40.257Z] [work-queue] {"queueLength":0,"workRunningCount":0}
[debug] [2020-12-26T07:06:04.661Z] Received signal SIGHUP 1